<?xml version="1.0" encoding="UTF-8"?>
<!-- Generated by org.testng.reporters.JUnitXMLReporter -->
<testsuite ignored="0" hostname="SeenaReddy" failures="0" tests="8" name="MyTestResult" time="35.826" errors="0" timestamp="2023-03-01T21:13:14 CST">
  <testcase classname="testng.ClgWeekLive" name="f" time="20.164"/>
  <testcase classname="testng.TestFAQ_testng" name="add" time="0.0"/>
  <testcase classname="testng.TestFAQ_testng" name="sub" time="0.001"/>
  <testcase classname="testng.AlertHandle" name="f" time="15.619"/>
  <testcase classname="testng.TestSample1" name="addNum" time="0.0"/>
  <testcase classname="testng.TestSample1" name="findLargeNumber" time="0.002"/>
  <testcase classname="testng.TestSample1" name="mulNum" time="0.0"/>
  <testcase classname="testng.TestSample1" name="subNum" time="0.001"/>
</testsuite> <!-- MyTestResult -->
