<?xml version="1.0" encoding="UTF-8"?>
<testng-results ignored="0" total="1" passed="1" failed="0" skipped="0">
  <reporter-output>
  </reporter-output>
  <suite started-at="2023-02-21T21:32:48 CST" name="Default suite" finished-at="2023-02-21T21:33:09 CST" duration-ms="21165">
    <groups>
    </groups>
    <test started-at="2023-02-21T21:32:48 CST" name="Default test" finished-at="2023-02-21T21:33:09 CST" duration-ms="21165">
      <class name="testng.ClgWeekLive">
        <test-method signature="f()[pri:0, instance:testng.ClgWeekLive@36916eb0]" started-at="2023-02-21T21:32:48 CST" name="f" finished-at="2023-02-21T21:33:09 CST" duration-ms="21129" status="PASS">
          <reporter-output>
          </reporter-output>
        </test-method> <!-- f -->
      </class> <!-- testng.ClgWeekLive -->
    </test> <!-- Default test -->
  </suite> <!-- Default suite -->
</testng-results>
